Determining if the pthread_create exist failed with the following output:
Change Dir: /home/orangepi/opi4-legacy/catkin_ws/build/catkin_tools_prebuild/CMakeFiles/CMakeTmp

Run Build Command:"/usr/bin/make" "cmTC_af0be/fast"
/usr/bin/make -f CMakeFiles/cmTC_af0be.dir/build.make CMakeFiles/cmTC_af0be.dir/build
make[1]: Entering directory '/home/orangepi/opi4-legacy/catkin_ws/build/catkin_tools_prebuild/CMakeFiles/CMakeTmp'
Building C object CMakeFiles/cmTC_af0be.dir/CheckSymbolExists.c.o
/usr/bin/cc    -o CMakeFiles/cmTC_af0be.dir/CheckSymbolExists.c.o   -c /home/orangepi/opi4-legacy/catkin_ws/build/catkin_tools_prebuild/CMakeFiles/CMakeTmp/CheckSymbolExists.c
Linking C executable cmTC_af0be
/usr/bin/cmake -E cmake_link_script CMakeFiles/cmTC_af0be.dir/link.txt --verbose=1
/usr/bin/cc      -rdynamic CMakeFiles/cmTC_af0be.dir/CheckSymbolExists.c.o  -o cmTC_af0be 
/usr/bin/ld: CMakeFiles/cmTC_af0be.dir/CheckSymbolExists.c.o: in function `main':
CheckSymbolExists.c:(.text+0x14): undefined reference to `pthread_create'
/usr/bin/ld: CheckSymbolExists.c:(.text+0x18): undefined reference to `pthread_create'
collect2: error: ld returned 1 exit status
make[1]: *** [CMakeFiles/cmTC_af0be.dir/build.make:87: cmTC_af0be] Error 1
make[1]: Leaving directory '/home/orangepi/opi4-legacy/catkin_ws/build/catkin_tools_prebuild/CMakeFiles/CMakeTmp'
make: *** [Makefile:121: cmTC_af0be/fast] Error 2

File /home/orangepi/opi4-legacy/catkin_ws/build/catkin_tools_prebuild/CMakeFiles/CMakeTmp/CheckSymbolExists.c:
/* */
#include <pthread.h>

int main(int argc, char** argv)
{
  (void)argv;
#ifndef pthread_create
  return ((int*)(&pthread_create))[argc];
#else
  (void)argc;
  return 0;
#endif
}

Determining if the function pthread_create exists in the pthreads failed with the following output:
Change Dir: /home/orangepi/opi4-legacy/catkin_ws/build/catkin_tools_prebuild/CMakeFiles/CMakeTmp

Run Build Command:"/usr/bin/make" "cmTC_500a9/fast"
/usr/bin/make -f CMakeFiles/cmTC_500a9.dir/build.make CMakeFiles/cmTC_500a9.dir/build
make[1]: Entering directory '/home/orangepi/opi4-legacy/catkin_ws/build/catkin_tools_prebuild/CMakeFiles/CMakeTmp'
Building C object CMakeFiles/cmTC_500a9.dir/CheckFunctionExists.c.o
/usr/bin/cc   -DCHECK_FUNCTION_EXISTS=pthread_create   -o CMakeFiles/cmTC_500a9.dir/CheckFunctionExists.c.o   -c /usr/share/cmake-3.13/Modules/CheckFunctionExists.c
Linking C executable cmTC_500a9
/usr/bin/cmake -E cmake_link_script CMakeFiles/cmTC_500a9.dir/link.txt --verbose=1
/usr/bin/cc  -DCHECK_FUNCTION_EXISTS=pthread_create    -rdynamic CMakeFiles/cmTC_500a9.dir/CheckFunctionExists.c.o  -o cmTC_500a9 -lpthreads 
/usr/bin/ld: cannot find -lpthreads
collect2: error: ld returned 1 exit status
make[1]: *** [CMakeFiles/cmTC_500a9.dir/build.make:87: cmTC_500a9] Error 1
make[1]: Leaving directory '/home/orangepi/opi4-legacy/catkin_ws/build/catkin_tools_prebuild/CMakeFiles/CMakeTmp'
make: *** [Makefile:121: cmTC_500a9/fast] Error 2


